<?xml version="1.0" encoding="UTF-8"?>
<!-- Generated by org.testng.reporters.JUnitReportReporter -->
<testsuite hostname="sinhye8" failures="0" tests="2" name="seminartest.SampleTest" time="2.720" errors="0" timestamp="2019-10-29T17:21:56 KST" skipped="0">
  <testcase classname="seminartest.SampleTest" name="loginseminarapp" time="2.224"/>
  <testcase classname="seminartest.SampleTest" name="loginfail" time="0.496"/>
</testsuite> <!-- seminartest.SampleTest -->
